This is pdfTeX, Version 3.1415926-2.6-1.40.14 (TeX Live 2014/dev) (format=pdflatex 2014.5.26)  4 AUG 2014 11:02
entering extended mode
 restricted \write18 enabled.
 %&-line parsing enabled.
**report
(./report.tex
LaTeX2e <2011/06/27>
Babel <3.9h> and hyphenation patterns for 74 languages loaded.
(./iopart.cls
Document Class: iopart 1996/06/10 v0.0 IOP Journals LaTeX article class
(./iopart10.clo
File: iopart10.clo 1997/01/13 v1.0 IOP Book file (size option)
)
\c@jnl=\count79
\c@section=\count80
\c@subsection=\count81
\c@subsubsection=\count82
\c@paragraph=\count83
\c@subparagraph=\count84
\c@figure=\count85
\c@table=\count86
\abovecaptionskip=\skip41
\belowcaptionskip=\skip42
\indentedwidth=\skip43
\mathindent=\dimen102
\c@eqnval=\count87
) (./myhead.tex
(/usr/share/texlive/texmf-dist/tex/latex/graphics/graphicx.sty
Package: graphicx 1999/02/16 v1.0f Enhanced LaTeX Graphics (DPC,SPQR)

(/usr/share/texlive/texmf-dist/tex/latex/graphics/keyval.sty
Package: keyval 1999/03/16 v1.13 key=value parser (DPC)
\KV@toks@=\toks14
)
(/usr/share/texlive/texmf-dist/tex/latex/graphics/graphics.sty
Package: graphics 2009/02/05 v1.0o Standard LaTeX Graphics (DPC,SPQR)

(/usr/share/texlive/texmf-dist/tex/latex/graphics/trig.sty
Package: trig 1999/03/16 v1.09 sin cos tan (DPC)
)
(/usr/share/texlive/texmf-dist/tex/latex/latexconfig/graphics.cfg
File: graphics.cfg 2010/04/23 v1.9 graphics configuration of TeX Live
)
Package graphics Info: Driver file: pdftex.def on input line 91.

(/usr/share/texlive/texmf-dist/tex/latex/pdftex-def/pdftex.def
File: pdftex.def 2011/05/27 v0.06d Graphics/color for pdfTeX

(/usr/share/texlive/texmf-dist/tex/generic/oberdiek/infwarerr.sty
Package: infwarerr 2010/04/08 v1.3 Providing info/warning/error messages (HO)
)
(/usr/share/texlive/texmf-dist/tex/generic/oberdiek/ltxcmds.sty
Package: ltxcmds 2011/11/09 v1.22 LaTeX kernel commands for general use (HO)
)
\Gread@gobject=\count88
))
\Gin@req@height=\dimen103
\Gin@req@width=\dimen104
)
(/usr/share/texlive/texmf-dist/tex/latex/algorithms/algorithmic.sty
Package: algorithmic 2009/08/24 v0.1 Document Style `algorithmic'

(/usr/share/texlive/texmf-dist/tex/latex/base/ifthen.sty
Package: ifthen 2001/05/26 v1.1c Standard LaTeX ifthen package (DPC)
)
\c@ALC@unique=\count89
\c@ALC@line=\count90
\c@ALC@rem=\count91
\c@ALC@depth=\count92
\ALC@tlm=\skip44
\algorithmicindent=\skip45
)
(/usr/share/texlive/texmf-dist/tex/latex/algorithms/algorithm.sty
Package: algorithm 2009/08/24 v0.1 Document Style `algorithm' - floating enviro
nment

(/usr/share/texlive/texmf-dist/tex/latex/float/float.sty
Package: float 2001/11/08 v1.3d Float enhancements (AL)
\c@float@type=\count93
\float@exts=\toks15
\float@box=\box26
\@float@everytoks=\toks16
\@floatcapt=\box27
)
\@float@every@algorithm=\toks17
\c@algorithm=\count94
)
\c@theorem=\count95
)
No file report.aux.
\openout1 = `report.aux'.

LaTeX Font Info:    Checking defaults for OML/cmm/m/it on input line 4.
LaTeX Font Info:    ... okay on input line 4.
LaTeX Font Info:    Checking defaults for T1/cmr/m/n on input line 4.
LaTeX Font Info:    ... okay on input line 4.
LaTeX Font Info:    Checking defaults for OT1/cmr/m/n on input line 4.
LaTeX Font Info:    ... okay on input line 4.
LaTeX Font Info:    Checking defaults for OMS/cmsy/m/n on input line 4.
LaTeX Font Info:    ... okay on input line 4.
LaTeX Font Info:    Checking defaults for OMX/cmex/m/n on input line 4.
LaTeX Font Info:    ... okay on input line 4.
LaTeX Font Info:    Checking defaults for U/cmr/m/n on input line 4.
LaTeX Font Info:    ... okay on input line 4.
(/usr/share/texlive/texmf-dist/tex/context/base/supp-pdf.mkii
[Loading MPS to PDF converter (version 2006.09.02).]
\scratchcounter=\count96
\scratchdimen=\dimen105
\scratchbox=\box28
\nofMPsegments=\count97
\nofMParguments=\count98
\everyMPshowfont=\toks18
\MPscratchCnt=\count99
\MPscratchDim=\dimen106
\MPnumerator=\count100
\makeMPintoPDFobject=\count101
\everyMPtoPDFconversion=\toks19
) (/usr/share/texlive/texmf-dist/tex/generic/oberdiek/pdftexcmds.sty
Package: pdftexcmds 2011/11/29 v0.20 Utility functions of pdfTeX for LuaTeX (HO
)

(/usr/share/texlive/texmf-dist/tex/generic/oberdiek/ifluatex.sty
Package: ifluatex 2010/03/01 v1.3 Provides the ifluatex switch (HO)
Package ifluatex Info: LuaTeX not detected.
)
(/usr/share/texlive/texmf-dist/tex/generic/oberdiek/ifpdf.sty
Package: ifpdf 2011/01/30 v2.3 Provides the ifpdf switch (HO)
Package ifpdf Info: pdfTeX in PDF mode is detected.
)
Package pdftexcmds Info: LuaTeX not detected.
Package pdftexcmds Info: \pdf@primitive is available.
Package pdftexcmds Info: \pdf@ifprimitive is available.
Package pdftexcmds Info: \pdfdraftmode found.
)
(/usr/share/texlive/texmf-dist/tex/latex/oberdiek/epstopdf-base.sty
Package: epstopdf-base 2010/02/09 v2.5 Base part for package epstopdf

(/usr/share/texlive/texmf-dist/tex/latex/oberdiek/grfext.sty
Package: grfext 2010/08/19 v1.1 Manage graphics extensions (HO)

(/usr/share/texlive/texmf-dist/tex/generic/oberdiek/kvdefinekeys.sty
Package: kvdefinekeys 2011/04/07 v1.3 Define keys (HO)
))
(/usr/share/texlive/texmf-dist/tex/latex/oberdiek/kvoptions.sty
Package: kvoptions 2011/06/30 v3.11 Key value format for package options (HO)

(/usr/share/texlive/texmf-dist/tex/generic/oberdiek/kvsetkeys.sty
Package: kvsetkeys 2012/04/25 v1.16 Key value parser (HO)

(/usr/share/texlive/texmf-dist/tex/generic/oberdiek/etexcmds.sty
Package: etexcmds 2011/02/16 v1.5 Avoid name clashes with e-TeX commands (HO)
Package etexcmds Info: Could not find \expanded.
(etexcmds)             That can mean that you are not using pdfTeX 1.50 or
(etexcmds)             that some package has redefined \expanded.
(etexcmds)             In the latter case, load this package earlier.
)))
Package grfext Info: Graphics extension search list:
(grfext)             [.png,.pdf,.jpg,.mps,.jpeg,.jbig2,.jb2,.PNG,.PDF,.JPG,.JPE
G,.JBIG2,.JB2,.eps]
(grfext)             \AppendGraphicsExtensions on input line 452.

(/usr/share/texlive/texmf-dist/tex/latex/latexconfig/epstopdf-sys.cfg
File: epstopdf-sys.cfg 2010/07/13 v1.3 Configuration of (r)epstopdf for TeX Liv
e
))
LaTeX Font Info:    External font `cmex10' loaded for size
(Font)              <7> on input line 7.
LaTeX Font Info:    External font `cmex10' loaded for size
(Font)              <5> on input line 7.
LaTeX Font Info:    External font `cmex10' loaded for size
(Font)              <8> on input line 9.
LaTeX Font Info:    External font `cmex10' loaded for size
(Font)              <6> on input line 9.

[1

{/usr/share/texlive/texmf-dist/fonts/map/pdftex/updmap/pdftex.map}]

LaTeX Warning: Citation `Haber2004' on page 2 undefined on input line 36.


LaTeX Warning: Citation `Epanomeritakis08' on page 2 undefined on input line 36
.


LaTeX Warning: Citation `Abdoulaev2005' on page 2 undefined on input line 36.


Underfull \hbox (badness 1755) in paragraph at lines 55--57
\OT1/cmr/m/n/10 A popular approach to solving these constrained problems is bas
ed on the
 []


LaTeX Warning: Reference `eq:constr' on page 2 undefined on input line 62.


LaTeX Warning: Citation `Haber2000' on page 2 undefined on input line 65.


Overfull \hbox (1.12717pt too wide) in alignment at lines 107--112
 [] [] [] [] 
 []

[2]

LaTeX Warning: Reference `eq:constr' on page 3 undefined on input line 136.


LaTeX Warning: Reference `penalty' on page 3 undefined on input line 139.


LaTeX Warning: Reference `varpro' on page 3 undefined on input line 141.


LaTeX Warning: Reference `toy' on page 3 undefined on input line 148.


LaTeX Warning: Reference `algorithm' on page 3 undefined on input line 150.


LaTeX Warning: Reference `examples' on page 3 undefined on input line 156.


LaTeX Warning: Reference `discussion' on page 3 undefined on input line 159.


LaTeX Warning: Reference `conclusion' on page 3 undefined on input line 159.


LaTeX Warning: Citation `Richter1981' on page 3 undefined on input line 165.


LaTeX Warning: Citation `Banerjee2013' on page 3 undefined on input line 165.

[3]

LaTeX Warning: Reference `eq:constr' on page 4 undefined on input line 172.


Underfull \hbox (badness 1430) in paragraph at lines 172--174
\OT1/cmr/m/n/10 A constrained optimization problems of the form ([]) can be rec
ast as an
 []


LaTeX Warning: Reference `eq:penalty' on page 4 undefined on input line 183.


LaTeX Warning: Reference `eq:constr' on page 4 undefined on input line 184.


LaTeX Warning: Citation `Nocedal' on page 4 undefined on input line 184.


LaTeX Warning: Reference `algorithm' on page 4 undefined on input line 189.


LaTeX Warning: Citation `Nocedal' on page 4 undefined on input line 194.


LaTeX Warning: Reference `eq:constr' on page 4 undefined on input line 202.

[4]

LaTeX Warning: Citation `Aravkin2012c' on page 5 undefined on input line 239.


LaTeX Warning: Reference `algorithm' on page 5 undefined on input line 259.


LaTeX Warning: Reference `eq:redpenalty' on page 5 undefined on input line 260.



LaTeX Warning: Reference `eq:gradpen' on page 5 undefined on input line 286.


LaTeX Warning: Citation `Saad' on page 5 undefined on input line 289.

[5]

LaTeX Warning: Reference `eq:redL' on page 6 undefined on input line 356.


LaTeX Warning: Reference `eq:redP' on page 6 undefined on input line 356.


LaTeX Warning: Reference `fig:opt' on page 6 undefined on input line 357.


LaTeX Warning: Reference `fig:opt' on page 6 undefined on input line 362.


LaTeX Warning: Reference `eq:redL' on page 6 undefined on input line 362.


LaTeX Warning: Reference `eq:redP' on page 6 undefined on input line 362.


LaTeX Warning: Reference `varpro' on page 6 undefined on input line 368.

[6]

LaTeX Warning: Citation `Paige1982' on page 7 undefined on input line 397.


LaTeX Warning: Citation `Fong2011' on page 7 undefined on input line 397.


LaTeX Warning: Reference `eq:gradpen' on page 7 undefined on input line 398.


LaTeX Warning: Reference `eq:hesspen' on page 7 undefined on input line 398.


LaTeX Warning: Reference `eq:u_pen' on page 7 undefined on input line 410.


LaTeX Warning: Reference `eq:u_red' on page 7 undefined on input line 410.


LaTeX Warning: Reference `table:costs' on page 7 undefined on input line 416.


LaTeX Warning: Reference `QN2' on page 7 undefined on input line 422.

[7]

LaTeX Warning: Reference `eq:u_pen' on page 8 undefined on input line 435.


LaTeX Warning: Citation `Bjorck1979' on page 8 undefined on input line 439.


LaTeX Warning: Citation `Gordon2013' on page 8 undefined on input line 439.


LaTeX Warning: Citation `Censor1983' on page 8 undefined on input line 441.


Underfull \hbox (badness 5091) in paragraph at lines 434--442
[]\OT1/cmr/m/n/10 A key step in the
 []


LaTeX Warning: Citation `Haber2012' on page 8 undefined on input line 471.


LaTeX Warning: Citation `Friedlander2012' on page 8 undefined on input line 471
.


LaTeX Warning: Citation `VanLeeuwen2012b' on page 8 undefined on input line 471
.


LaTeX Warning: Citation `Li2012' on page 8 undefined on input line 484.


LaTeX Warning: Reference `eq:penalty' on page 8 undefined on input line 489.


LaTeX Warning: Reference `eq:u_pen' on page 8 undefined on input line 491.


LaTeX Warning: Reference `eq:u_pen' on page 8 undefined on input line 493.


LaTeX Warning: Citation `Bjorck1979' on page 8 undefined on input line 494.

[8]
Overfull \hbox (4.42065pt too wide) detected at line 503
$ []$ 
 []


LaTeX Warning: Reference `eq:u_pen' on page 9 undefined on input line 504.


LaTeX Warning: Citation `Aravkin2012c' on page 9 undefined on input line 512.


LaTeX Warning: Reference `eq:redpenalty' on page 9 undefined on input line 522.



LaTeX Warning: Citation `Krebs09' on page 9 undefined on input line 524.


LaTeX Warning: Citation `Friedlander2012' on page 9 undefined on input line 524
.


LaTeX Warning: Citation `Haber12' on page 9 undefined on input line 524.


LaTeX Warning: Citation `VanLeeuwen2012b' on page 9 undefined on input line 524
.

[9] [10]
Underfull \vbox (badness 10000) has occurred while \output is active []

 [11]
[12


]
Package epstopdf Info: Source file: <./figs/opt_b.eps>
(epstopdf)                    date: 2014-08-04 10:52:02
(epstopdf)                    size: 10901 bytes
(epstopdf)             Output file: <./figs/opt_b-eps-converted-to.pdf>
(epstopdf)             Command: <repstopdf --outfile=./figs/opt_b-eps-converted
-to.pdf ./figs/opt_b.eps>
(epstopdf)             \includegraphics on input line 634.
runsystem(repstopdf --outfile=./figs/opt_b-eps-converted-to.pdf ./figs/opt_b.ep
s)...executed safely (allowed).

Package epstopdf Info: Result file: <./figs/opt_b-eps-converted-to.pdf>
(epstopdf)                    date: 2014-08-04 11:02:27
(epstopdf)                    size: 5270 bytes.
 <./figs/opt_b-eps-converted-to.pdf, id=61, 529.98pt x 416.55624pt>
File: ./figs/opt_b-eps-converted-to.pdf Graphic file (type pdf)

<use ./figs/opt_b-eps-converted-to.pdf>
Package pdftex.def Info: ./figs/opt_b-eps-converted-to.pdf used on input line 6
34.
(pdftex.def)             Requested size: 211.98824pt x 166.61954pt.
Package epstopdf Info: Source file: <./figs/opt_c.eps>
(epstopdf)                    date: 2014-08-04 10:52:02
(epstopdf)                    size: 18162 bytes
(epstopdf)             Output file: <./figs/opt_c-eps-converted-to.pdf>
(epstopdf)             Command: <repstopdf --outfile=./figs/opt_c-eps-converted
-to.pdf ./figs/opt_c.eps>
(epstopdf)             \includegraphics on input line 635.
runsystem(repstopdf --outfile=./figs/opt_c-eps-converted-to.pdf ./figs/opt_c.ep
s)...executed safely (allowed).

Package epstopdf Info: Result file: <./figs/opt_c-eps-converted-to.pdf>
(epstopdf)                    date: 2014-08-04 11:02:28
(epstopdf)                    size: 6595 bytes.

<./figs/opt_c-eps-converted-to.pdf, id=62, 545.03625pt x 422.57875pt>
File: ./figs/opt_c-eps-converted-to.pdf Graphic file (type pdf)

<use ./figs/opt_c-eps-converted-to.pdf>
Package pdftex.def Info: ./figs/opt_c-eps-converted-to.pdf used on input line 6
35.
(pdftex.def)             Requested size: 218.01064pt x 169.0285pt.
Package epstopdf Info: Source file: <./figs/opt_d.eps>
(epstopdf)                    date: 2014-08-04 10:52:02
(epstopdf)                    size: 590034 bytes
(epstopdf)             Output file: <./figs/opt_d-eps-converted-to.pdf>
(epstopdf)             Command: <repstopdf --outfile=./figs/opt_d-eps-converted
-to.pdf ./figs/opt_d.eps>
(epstopdf)             \includegraphics on input line 637.
runsystem(repstopdf --outfile=./figs/opt_d-eps-converted-to.pdf ./figs/opt_d.ep
s)...executed safely (allowed).

Package epstopdf Info: Result file: <./figs/opt_d-eps-converted-to.pdf>
(epstopdf)                    date: 2014-08-04 11:02:28
(epstopdf)                    size: 103422 bytes.

<./figs/opt_d-eps-converted-to.pdf, id=63, 526.96875pt x 416.55624pt>
File: ./figs/opt_d-eps-converted-to.pdf Graphic file (type pdf)

<use ./figs/opt_d-eps-converted-to.pdf>
Package pdftex.def Info: ./figs/opt_d-eps-converted-to.pdf used on input line 6
37.
(pdftex.def)             Requested size: 210.78375pt x 166.61954pt.
Package epstopdf Info: Source file: <./figs/opt_e.eps>
(epstopdf)                    date: 2014-08-04 10:52:03
(epstopdf)                    size: 447036 bytes
(epstopdf)             Output file: <./figs/opt_e-eps-converted-to.pdf>
(epstopdf)             Command: <repstopdf --outfile=./figs/opt_e-eps-converted
-to.pdf ./figs/opt_e.eps>
(epstopdf)             \includegraphics on input line 638.
runsystem(repstopdf --outfile=./figs/opt_e-eps-converted-to.pdf ./figs/opt_e.ep
s)...executed safely (allowed).

Package epstopdf Info: Result file: <./figs/opt_e-eps-converted-to.pdf>
(epstopdf)                    date: 2014-08-04 11:02:29
(epstopdf)                    size: 75263 bytes.

<./figs/opt_e-eps-converted-to.pdf, id=64, 526.96875pt x 416.55624pt>
File: ./figs/opt_e-eps-converted-to.pdf Graphic file (type pdf)

<use ./figs/opt_e-eps-converted-to.pdf>
Package pdftex.def Info: ./figs/opt_e-eps-converted-to.pdf used on input line 6
38.
(pdftex.def)             Requested size: 210.78375pt x 166.61954pt.

Overfull \hbox (81.99887pt too wide) in paragraph at lines 633--641
 [][] 
 []


Underfull \vbox (badness 10000) has occurred while \output is active []

 [13 <./figs/opt_b-eps-converted-to.pdf> <./figs/opt_c-eps-converted-to.pdf> <.
/figs/opt_d-eps-converted-to.pdf> <./figs/opt_e-eps-converted-to.pdf>]
No file report.bbl.
(./report.aux)

LaTeX Warning: There were undefined references.


LaTeX Warning: Label(s) may have changed. Rerun to get cross-references right.

 ) 
Here is how much of TeX's memory you used:
 2107 strings out of 493351
 27138 string characters out of 6141702
 97313 words of memory out of 5000000
 5523 multiletter control sequences out of 15000+600000
 9934 words of font info for 35 fonts, out of 8000000 for 9000
 953 hyphenation exceptions out of 8191
 37i,13n,23p,376b,592s stack positions out of 5000i,500n,10000p,200000b,80000s
</usr/share/texlive/texmf-dist/fonts/type1/public/amsfonts/cm/cmbx10.pfb></us
r/share/texlive/texmf-dist/fonts/type1/public/amsfonts/cm/cmbx12.pfb></usr/shar
e/texlive/texmf-dist/fonts/type1/public/amsfonts/cm/cmbx7.pfb></usr/share/texli
ve/texmf-dist/fonts/type1/public/amsfonts/cm/cmbx8.pfb></usr/share/texlive/texm
f-dist/fonts/type1/public/amsfonts/cm/cmex10.pfb></usr/share/texlive/texmf-dist
/fonts/type1/public/amsfonts/cm/cmmi10.pfb></usr/share/texlive/texmf-dist/fonts
/type1/public/amsfonts/cm/cmmi5.pfb></usr/share/texlive/texmf-dist/fonts/type1/
public/amsfonts/cm/cmmi6.pfb></usr/share/texlive/texmf-dist/fonts/type1/public/
amsfonts/cm/cmmi7.pfb></usr/share/texlive/texmf-dist/fonts/type1/public/amsfont
s/cm/cmmi8.pfb></usr/share/texlive/texmf-dist/fonts/type1/public/amsfonts/cm/cm
r10.pfb></usr/share/texlive/texmf-dist/fonts/type1/public/amsfonts/cm/cmr6.pfb>
</usr/share/texlive/texmf-dist/fonts/type1/public/amsfonts/cm/cmr7.pfb></usr/sh
are/texlive/texmf-dist/fonts/type1/public/amsfonts/cm/cmr8.pfb></usr/share/texl
ive/texmf-dist/fonts/type1/public/amsfonts/cm/cmr9.pfb></usr/share/texlive/texm
f-dist/fonts/type1/public/amsfonts/cm/cmss10.pfb></usr/share/texlive/texmf-dist
/fonts/type1/public/amsfonts/cm/cmsy10.pfb></usr/share/texlive/texmf-dist/fonts
/type1/public/amsfonts/cm/cmsy5.pfb></usr/share/texlive/texmf-dist/fonts/type1/
public/amsfonts/cm/cmsy7.pfb></usr/share/texlive/texmf-dist/fonts/type1/public/
amsfonts/cm/cmsy8.pfb></usr/share/texlive/texmf-dist/fonts/type1/public/amsfont
s/cm/cmti10.pfb></usr/share/texlive/texmf-dist/fonts/type1/public/amsfonts/cm/c
mtt8.pfb>
Output written on report.pdf (13 pages, 448437 bytes).
PDF statistics:
 161 PDF objects out of 1000 (max. 8388607)
 114 compressed objects within 2 object streams
 0 named destinations out of 1000 (max. 500000)
 21 words of extra memory for PDF output out of 10000 (max. 10000000)

